Flutter crash report.
Please report a bug at https://github.com/flutter/flutter/issues.

## command

flutter test test/media_detail_match_restore_test.dart --plain-name detail page keeps series episode browser after restoring playable library choice

## exception

PathExistsException: PathExistsException: Cannot copy file to 'D:\codes\Starflow\build\unit_test_assets\NativeAssetsManifest.json', path = 'D:\codes\Starflow\build\native_assets\windows\native_assets.json' (OS Error: 当文件已存在时，无法创建该文件。, errno = 183)

```
#0      _checkForErrorResponse (dart:io/common.dart:58:9)
#1      _File.copy.<anonymous closure> (dart:io/file_impl.dart:406:7)
#2      _rootRunUnary (dart:async/zone_root.dart:48:47)
#3      _CustomZone.runUnary (dart:async/zone.dart:733:19)
<asynchronous suspension>
#4      ForwardingFile.copy (package:file/src/forwarding/forwarding_file.dart:29:51)
<asynchronous suspension>
#5      ForwardingFile.copy (package:file/src/forwarding/forwarding_file.dart:29:51)
<asynchronous suspension>
#6      TestCommand.runCommand (package:flutter_tools/src/commands/test.dart:507:7)
<asynchronous suspension>
#7      FlutterCommand.run.<anonymous closure> (package:flutter_tools/src/runner/flutter_command.dart:1590:27)
<asynchronous suspension>
#8      AppContext.run.<anonymous closure> (package:flutter_tools/src/base/context.dart:154:19)
<asynchronous suspension>
#9      CommandRunner.runCommand (package:args/command_runner.dart:212:13)
<asynchronous suspension>
#10     FlutterCommandRunner.runCommand.<anonymous closure> (package:flutter_tools/src/runner/flutter_command_runner.dart:496:9)
<asynchronous suspension>
#11     AppContext.run.<anonymous closure> (package:flutter_tools/src/base/context.dart:154:19)
<asynchronous suspension>
#12     FlutterCommandRunner.runCommand (package:flutter_tools/src/runner/flutter_command_runner.dart:431:5)
<asynchronous suspension>
#13     FlutterCommandRunner.run.<anonymous closure> (package:flutter_tools/src/runner/flutter_command_runner.dart:307:33)
<asynchronous suspension>
#14     run.<anonymous closure>.<anonymous closure> (package:flutter_tools/runner.dart:104:11)
<asynchronous suspension>
#15     AppContext.run.<anonymous closure> (package:flutter_tools/src/base/context.dart:154:19)
<asynchronous suspension>
#16     main (package:flutter_tools/executable.dart:103:3)
<asynchronous suspension>
```

## flutter doctor

```
[✓] Flutter (Channel stable, 3.41.6, on Microsoft Windows [版本 10.0.26200.8117], locale zh-CN) [340ms]
    • Flutter version 3.41.6 on channel stable at C:\dev\flutter
    • Upstream repository https://github.com/flutter/flutter.git
    • Framework revision db50e20168 (13 days ago), 2026-03-25 16:21:00 -0700
    • Engine revision 425cfb54d0
    • Dart version 3.11.4
    • DevTools version 2.54.2
    • Feature flags: enable-web, enable-linux-desktop, enable-macos-desktop, enable-windows-desktop, enable-android, enable-ios, cli-animations, enable-native-assets, omit-legacy-version-file, enable-lldb-debugging, enable-uiscene-migration

[✓] Windows Version (11 专业版 64-bit, 25H2, 2009) [2.5s]

[✓] Android toolchain - develop for Android devices (Android SDK version 36.1.0) [38.7s]
    • Android SDK at C:\Users\ninol\AppData\Local\Android\Sdk
    • Emulator version 36.5.10.0 (build_id 15081367) (CL:N/A)
    • Platform android-36.1, build-tools 36.1.0
    • ANDROID_HOME = C:\Users\ninol\AppData\Local\Android\Sdk
    • ANDROID_SDK_ROOT = C:\Users\ninol\AppData\Local\Android\Sdk
    • Java binary at: C:\Program Files\Android\Android Studio\jbr\bin\java
      This is the JDK bundled with the latest Android Studio installation on this machine.
      To manually set the JDK path, use: `flutter config --jdk-dir="path/to/jdk"`.
    • Java version OpenJDK Runtime Environment (build 21.0.10+-14961533-b1163.108)
    • All Android licenses accepted.

[✗] Chrome - develop for the web (Cannot find Chrome executable at .\Google\Chrome\Application\chrome.exe) [86ms]
    ! Cannot find Chrome. Try setting CHROME_EXECUTABLE to a Chrome executable.

[✓] Visual Studio - develop Windows apps (Visual Studio Community 2026 18.4.3) [85ms]
    • Visual Studio at C:\Program Files\Microsoft Visual Studio\18\Community
    • Visual Studio Community 2026 version 18.4.11626.88
    • Windows 10 SDK version 10.0.26100.0

[✓] Connected device (3 available) [281ms]
    • V2284A (mobile)   • 192.168.0.160:5555 • android-x64    • Android 12 (API 32)
    • Windows (desktop) • windows            • windows-x64    • Microsoft Windows [版本 10.0.26200.8117]
    • Edge (web)        • edge               • web-javascript • Microsoft Edge 146.0.3856.97

[✓] Network resources [1,561ms]
    • All expected network resources are available.

! Doctor found issues in 1 category.
```
