Resolving dependencies...
Downloading packages...
! file_selector_android 0.5.1+13 (overridden) (0.5.2+5 available)
  flutter_lints 5.0.0 (6.0.0 available)
  flutter_riverpod 2.6.1 (3.3.1 available)
  go_router 14.8.1 (17.2.0 available)
  idb_shim 2.8.5+1 (2.8.5+2 available)
  lints 5.1.1 (6.1.0 available)
  meta 1.17.0 (1.18.2 available)
  package_info_plus 9.0.1 (10.0.0 available)
  package_info_plus_platform_interface 3.2.1 (4.0.0 available)
! path_provider_android 2.2.10 (overridden) (2.3.1 available)
  riverpod 2.6.1 (3.2.1 available)
! shared_preferences_android 2.3.0 (overridden) (2.4.23 available)
  test_api 0.7.10 (0.7.11 available)
! url_launcher_android 6.3.20 (overridden) (6.3.29 available)
  vector_math 2.2.0 (2.3.0 available)
! wakelock_plus 1.4.0 (overridden) (1.5.1 available)
  win32 5.15.0 (6.0.0 available)
Got dependencies!
17 packages have newer versions incompatible with dependency constraints.
Try `flutter pub outdated` for more information.
Launching lib/main.dart on Windows in debug mode...
Building Windows application...                                 
lib/features/home/presentation/home_page.dart(2589,10): error GE5CFE876: The method '_HomeCarouselState.build' has more required arguments than those of overridden method 'State.build'. [D:\codes\Starflow\build\windows\x64\flutter\flutter_assemble.vcxproj]
lib/features/home/presentation/home_page.dart(1053,24): error GE5CFE876: The method '_resolveCacheDimension' isn't defined for the type '_DynamicHeroBackdropLayer'. [D:\codes\Starflow\build\windows\x64\flutter\flutter_assemble.vcxproj]
lib/features/home/presentation/home_page.dart(1059,25): error GE5CFE876: The method '_resolveCacheDimension' isn't defined for the type '_DynamicHeroBackdropLayer'. [D:\codes\Starflow\build\windows\x64\flutter\flutter_assemble.vcxproj]
lib/features/home/presentation/home_page.dart(2404,28): error GE5CFE876: The method '_resolveCacheDimension' isn't defined for the type '_FeaturedHeroArtwork'. [D:\codes\Starflow\build\windows\x64\flutter\flutter_assemble.vcxproj]
lib/features/home/presentation/home_page.dart(2409,29): error GE5CFE876: The method '_resolveCacheDimension' isn't defined for the type '_FeaturedHeroArtwork'. [D:\codes\Starflow\build\windows\x64\flutter\flutter_assemble.vcxproj]
C:\Program Files\Microsoft Visual Studio\18\Community\MSBuild\Microsoft\VC\v180\Microsoft.CppCommon.targets(254,5): error MSB8066: “D:\codes\Starflow\build\windows\x64\CMakeFiles\3e97ce875c43860dd71db5b6133898c5\flutter_windows.dll.rule;D:\codes\Starflow\build\windows\x64\CMakeFiles\fd7b33ed520b3cfcd347ee6fc2557e84\flutter_assemble.rule”的自定义生成已退出，代码为 1。 [D:\codes\Starflow\build\windows\x64\flutter\flutter_assemble.vcxproj]
Building Windows application...                                    25.8s
Error: Build process failed.
